\BOOKMARK [0][]{chapter.1}{1 Einleitung}{}% 1
\BOOKMARK [1][-]{section.1.1}{1.1 BWHPC}{chapter.1}% 2
\BOOKMARK [1][-]{section.1.2}{1.2 Mooresches Gesetz}{chapter.1}% 3
\BOOKMARK [1][-]{section.1.3}{1.3 Speicherzugriffe}{chapter.1}% 4
\BOOKMARK [1][-]{section.1.4}{1.4 Dateisysteme}{chapter.1}% 5
\BOOKMARK [2][-]{subsection.1.4.1}{1.4.1 Serieller IO}{section.1.4}% 6
\BOOKMARK [2][-]{subsection.1.4.2}{1.4.2 Paralleler IO}{section.1.4}% 7
\BOOKMARK [2][-]{subsection.1.4.3}{1.4.3 POSIX IO}{section.1.4}% 8
\BOOKMARK [2][-]{subsection.1.4.4}{1.4.4 MPI-IO}{section.1.4}% 9
\BOOKMARK [0][]{chapter.2}{2 Ziel des Projekts}{}% 10
\BOOKMARK [0][]{chapter.3}{3 Stand der Technik}{}% 11
\BOOKMARK [1][-]{section.3.1}{3.1 Darshan}{chapter.3}% 12
\BOOKMARK [2][-]{subsection.3.1.1}{3.1.1 Funktionsweise}{section.3.1}% 13
\BOOKMARK [2][-]{subsection.3.1.2}{3.1.2 Fazit}{section.3.1}% 14
\BOOKMARK [1][-]{section.3.2}{3.2 VampirTrace}{chapter.3}% 15
\BOOKMARK [1][-]{section.3.3}{3.3 Score-P}{chapter.3}% 16
\BOOKMARK [1][-]{section.3.4}{3.4 Ludalo}{chapter.3}% 17
\BOOKMARK [1][-]{section.3.5}{3.5 TAU}{chapter.3}% 18
\BOOKMARK [1][-]{section.3.6}{3.6 Fazit}{chapter.3}% 19
\BOOKMARK [0][]{chapter.4}{4 Entwicklung einer eigenen Software}{}% 20
\BOOKMARK [1][-]{section.4.1}{4.1 File-IO-Konstellationen}{chapter.4}% 21
\BOOKMARK [2][-]{subsection.4.1.1}{4.1.1 Konsistenz und Synchronisation}{section.4.1}% 22
\BOOKMARK [2][-]{subsection.4.1.2}{4.1.2 Metadaten}{section.4.1}% 23
\BOOKMARK [1][-]{section.4.2}{4.2 Architektur}{chapter.4}% 24
\BOOKMARK [2][-]{subsection.4.2.1}{4.2.1 Datenformat}{section.4.2}% 25
\BOOKMARK [2][-]{subsection.4.2.2}{4.2.2 Wrapper}{section.4.2}% 26
\BOOKMARK [2][-]{subsection.4.2.3}{4.2.3 System}{section.4.2}% 27
\BOOKMARK [1][-]{section.4.3}{4.3 Umsetzung}{chapter.4}% 28
\BOOKMARK [2][-]{subsection.4.3.1}{4.3.1 Wrapper}{section.4.3}% 29
\BOOKMARK [0][]{chapter.5}{5 Aktueller Stand}{}% 30
\BOOKMARK [0][]{chapter.6}{6 Zusammenfassung und Ausblick}{}% 31
\BOOKMARK [0][]{appendix.A}{A Anhang}{}% 32
\BOOKMARK [1][-]{section.A.1}{A.1 Testprogramm OpenMP}{appendix.A}% 33
\BOOKMARK [1][-]{section.A.2}{A.2 dynamischer Wrapper mit zentraler Buffer}{appendix.A}% 34
\BOOKMARK [1][-]{section.A.3}{A.3 statischer Wrapper}{appendix.A}% 35
\BOOKMARK [1][-]{section.A.4}{A.4 linken statischer Wrapper}{appendix.A}% 36
\BOOKMARK [0][]{chapter*.47}{Literaturverzeichnis}{}% 37
