This is pdfTeX, Version 3.14159265-2.6-1.40.17 (MiKTeX 2.9.6210 64-bit) (preloaded format=pdflatex 2017.2.8)  14 FEB 2019 17:03
entering extended mode
**./vorlage.tex
(vorlage.tex
LaTeX2e <2017/01/01> patch level 1
Babel <3.9r> and hyphenation patterns for 75 language(s) loaded.
(preamble/pre-class.tex)
("C:\Users\Jo\AppData\Local\Programs\MiKTeX 2.9\tex\latex\koma-script\scrbook.c
ls"
Document Class: scrbook 2017/01/03 v3.22 KOMA-Script document class (book)

("C:\Users\Jo\AppData\Local\Programs\MiKTeX 2.9\tex\latex\koma-script\scrkbase.
sty"
Package: scrkbase 2017/01/03 v3.22 KOMA-Script package (KOMA-Script-dependent b
asics and keyval usage)

("C:\Users\Jo\AppData\Local\Programs\MiKTeX 2.9\tex\latex\koma-script\scrbase.s
ty"
Package: scrbase 2017/01/03 v3.22 KOMA-Script package (KOMA-Script-independent 
basics and keyval usage)

("C:\Users\Jo\AppData\Local\Programs\MiKTeX 2.9\tex\latex\graphics\keyval.sty"
Package: keyval 2014/10/28 v1.15 key=value parser (DPC)
\KV@toks@=\toks14
)
("C:\Users\Jo\AppData\Local\Programs\MiKTeX 2.9\tex\latex\koma-script\scrlfile.
sty"
Package: scrlfile 2017/01/03 v3.22 KOMA-Script package (loading files)

Package scrlfile, 2017/01/03 v3.22 KOMA-Script package (loading files)
                  Copyright (C) Markus Kohm

)))
("C:\Users\Jo\AppData\Local\Programs\MiKTeX 2.9\tex\latex\koma-script\tocbasic.
sty"
Package: tocbasic 2017/01/03 v3.22 KOMA-Script package (handling toc-files)
\scr@dte@tocline@numberwidth=\skip41
\scr@dte@tocline@numbox=\box26
)
Package tocbasic Info: omitting babel extension for `toc'
(tocbasic)             because of feature `nobabel' available
(tocbasic)             for `toc' on input line 132.
Package tocbasic Info: omitting babel extension for `lof'
(tocbasic)             because of feature `nobabel' available
(tocbasic)             for `lof' on input line 133.
Package tocbasic Info: omitting babel extension for `lot'
(tocbasic)             because of feature `nobabel' available
(tocbasic)             for `lot' on input line 134.
Package tocbasic Info: defining new hook before heading of `' on input line 160
3.
Class scrbook Info: You've used standard option `final'.
(scrbook)           This is correct!
(scrbook)           Internally I'm using `draft=false'.
(scrbook)           If you'd like to set the option with \KOMAoptions,
(scrbook)           you'd have to use `draft=false' there
(scrbook)           instead of `final', too.
Package scrbook Info: You've used standard option `12pt'.
(scrbook)             This is correct!
(scrbook)             Internally I'm using `fontsize=12pt'.
(scrbook)             If you'd like to set the option with \KOMAoptions,
(scrbook)             you'd have to use `fontsize=12pt' there
(scrbook)             instead of `12pt', too.


Class scrbook Warning: You've used obsolete option `bigheadings'.
(scrbook)              Usage of this option indicates an old document
(scrbook)              and changes compatibility level using
(scrbook)              `headings=big,version=first,
(scrbook)              enabledeprecatedfontcommands' that may result
(scrbook)              in further warnings.
(scrbook)              If you don't want this, you should simply
(scrbook)              replace option `bigheadings' by `headings=big'.

Class scrbook Info: Switching compatibility level to `first'.

Class scrbook Warning: deprecated option `enabledeprecatedfontcommands'.
(scrbook)              Note, that this option was already depreacted when
(scrbook)              it has been defined. Support for old font commands
(scrbook)              has been removed from KOMA-Script more than one
(scrbook)              decade ago. It is not recommended to use them any
(scrbook)              longer. Therefore usage of this class option also
(scrbook)              is not recommended.

Class scrbook Info: You've used standard option `oneside'.
(scrbook)           This is correct!
(scrbook)           Internally I'm using `twoside=false'.
(scrbook)           If you'd like to set the option with \KOMAoptions,
(scrbook)           you'd have to use `twoside=false' there
(scrbook)           instead of `oneside', too.
Class scrbook Info: You've used standard option `openright'.
(scrbook)           This is correct!
(scrbook)           Internally I'm using `open=right'.
(scrbook)           If you'd like to set the option with \KOMAoptions,
(scrbook)           you'd have to use `open=right' there
(scrbook)           instead of `openright', too.

Class scrbook Warning: You've used obsolete option `nochapterprefix'.
(scrbook)              Usage of this option indicates an old document
(scrbook)              and changes compatibility level using
(scrbook)              `chapterprefix=false,version=first,
(scrbook)              enabledeprecatedfontcommands' that may result
(scrbook)              in further warnings.
(scrbook)              If you don't want this, you should simply
(scrbook)              replace option `nochapterprefix' by `chapterprefix=false
'.

Class scrbook Info: Switching compatibility level to `first'.

Class scrbook Warning: deprecated option `enabledeprecatedfontcommands'.
(scrbook)              Note, that this option was already depreacted when
(scrbook)              it has been defined. Support for old font commands
(scrbook)              has been removed from KOMA-Script more than one
(scrbook)              decade ago. It is not recommended to use them any
(scrbook)              longer. Therefore usage of this class option also
(scrbook)              is not recommended.


Class scrbook Warning: You've used obsolete option `bibtotoc'.
(scrbook)              Usage of this option indicates an old document
(scrbook)              and changes compatibility level using
(scrbook)              `bibliography=totoc,version=first,
(scrbook)              enabledeprecatedfontcommands' that may result
(scrbook)              in further warnings.
(scrbook)              If you don't want this, you should simply
(scrbook)              replace option `bibtotoc' by `bibliography=totoc'.

Class scrbook Info: Switching compatibility level to `first'.

Class scrbook Warning: deprecated option `enabledeprecatedfontcommands'.
(scrbook)              Note, that this option was already depreacted when
(scrbook)              it has been defined. Support for old font commands
(scrbook)              has been removed from KOMA-Script more than one
(scrbook)              decade ago. It is not recommended to use them any
(scrbook)              longer. Therefore usage of this class option also
(scrbook)              is not recommended.


Class scrbook Warning: You've used obsolete option `tocindent'.
(scrbook)              Usage of this option indicates an old document
(scrbook)              and changes compatibility level using
(scrbook)              `toc=graduated,version=first,
(scrbook)              enabledeprecatedfontcommands' that may result
(scrbook)              in further warnings.
(scrbook)              If you don't want this, you should simply
(scrbook)              replace option `tocindent' by `toc=graduated'.

Class scrbook Info: Switching compatibility level to `first'.

Class scrbook Warning: deprecated option `enabledeprecatedfontcommands'.
(scrbook)              Note, that this option was already depreacted when
(scrbook)              it has been defined. Support for old font commands
(scrbook)              has been removed from KOMA-Script more than one
(scrbook)              decade ago. It is not recommended to use them any
(scrbook)              longer. Therefore usage of this class option also
(scrbook)              is not recommended.


Class scrbook Warning: You've used obsolete option `listsindent'.
(scrbook)              Usage of this option indicates an old document
(scrbook)              and changes compatibility level using
(scrbook)              `listof=graduated,version=first,
(scrbook)              enabledeprecatedfontcommands' that may result
(scrbook)              in further warnings.
(scrbook)              If you don't want this, you should simply
(scrbook)              replace option `listsindent' by `listof=graduated'.

Class scrbook Info: Switching compatibility level to `first'.

Class scrbook Warning: deprecated option `enabledeprecatedfontcommands'.
(scrbook)              Note, that this option was already depreacted when
(scrbook)              it has been defined. Support for old font commands
(scrbook)              has been removed from KOMA-Script more than one
(scrbook)              decade ago. It is not recommended to use them any
(scrbook)              longer. Therefore usage of this class option also
(scrbook)              is not recommended.


Class scrbook Warning: You've used obsolete option `pointlessnumbers'.
(scrbook)              Usage of this option indicates an old document
(scrbook)              and changes compatibility level using
(scrbook)              `numbers=noenddot,version=first,
(scrbook)              enabledeprecatedfontcommands' that may result
(scrbook)              in further warnings.
(scrbook)              If you don't want this, you should simply
(scrbook)              replace option `pointlessnumbers' by `numbers=noenddot'.


Class scrbook Info: Switching compatibility level to `first'.

Class scrbook Warning: deprecated option `enabledeprecatedfontcommands'.
(scrbook)              Note, that this option was already depreacted when
(scrbook)              it has been defined. Support for old font commands
(scrbook)              has been removed from KOMA-Script more than one
(scrbook)              decade ago. It is not recommended to use them any
(scrbook)              longer. Therefore usage of this class option also
(scrbook)              is not recommended.


Class scrbook Warning: You've used obsolete option `cleardoubleempty'.
(scrbook)              Usage of this option indicates an old document
(scrbook)              and changes compatibility level using
(scrbook)              `cleardoublepage=empty,version=first,
(scrbook)              enabledeprecatedfontcommands' that may result
(scrbook)              in further warnings.
(scrbook)              If you don't want this, you should simply
(scrbook)              replace option `cleardoubleempty' by `cleardoublepage=em
pty'.

Class scrbook Info: Switching compatibility level to `first'.

Class scrbook Warning: deprecated option `enabledeprecatedfontcommands'.
(scrbook)              Note, that this option was already depreacted when
(scrbook)              it has been defined. Support for old font commands
(scrbook)              has been removed from KOMA-Script more than one
(scrbook)              decade ago. It is not recommended to use them any
(scrbook)              longer. Therefore usage of this class option also
(scrbook)              is not recommended.

("C:\Users\Jo\AppData\Local\Programs\MiKTeX 2.9\tex\latex\base\fleqn.clo"
File: fleqn.clo 2016/12/29 v1.2a Standard LaTeX option (flush left equations)
\mathindent=\dimen102
Applying: [2015/01/01] Make \[ robust on input line 50.
LaTeX Info: Redefining \[ on input line 51.
Already applied: [0000/00/00] Make \[ robust on input line 62.
Applying: [2015/01/01] Make \] robust on input line 74.
LaTeX Info: Redefining \] on input line 75.
Already applied: [0000/00/00] Make \] robust on input line 83.
)

Class scrbook Warning: You've used obsolete option `halfparskip'.
(scrbook)              Usage of this option indicates an old document
(scrbook)              and changes compatibility level using
(scrbook)              `parskip=half,version=first,
(scrbook)              enabledeprecatedfontcommands' that may result
(scrbook)              in further warnings.
(scrbook)              If you don't want this, you should simply
(scrbook)              replace option `halfparskip' by `parskip=half'.

Class scrbook Info: Switching compatibility level to `first'.

Class scrbook Warning: deprecated option `enabledeprecatedfontcommands'.
(scrbook)              Note, that this option was already depreacted when
(scrbook)              it has been defined. Support for old font commands
(scrbook)              has been removed from KOMA-Script more than one
(scrbook)              decade ago. It is not recommended to use them any
(scrbook)              longer. Therefore usage of this class option also
(scrbook)              is not recommended.

Class scrbook Info: File `scrsize12pt.clo' used to setup font sizes on input li
ne 2270.

("C:\Users\Jo\AppData\Local\Programs\MiKTeX 2.9\tex\latex\koma-script\scrsize12
pt.clo"
File: scrsize12pt.clo 2017/01/03 v3.22 KOMA-Script font size class option (12pt
)
)
("C:\Users\Jo\AppData\Local\Programs\MiKTeX 2.9\tex\latex\koma-script\typearea.
sty"
Package: typearea 2017/01/03 v3.22 KOMA-Script package (type area)

Package typearea, 2017/01/03 v3.22 KOMA-Script package (type area)
                  Copyright (C) Frank Neukam, 1992-1994
                  Copyright (C) Markus Kohm, 1994-

\ta@bcor=\skip42
\ta@div=\count79
Package typearea Info: You've used standard option `a4paper'.
(typearea)             This is correct!
(typearea)             Internally I'm using `paper=a4'.
(typearea)             If you'd like to set the option with \KOMAoptions,
(typearea)             you'd have to use `paper=a4' there
(typearea)             instead of `a4paper', too.
Package typearea Info: You've used standard option `oneside'.
(typearea)             This is correct!
(typearea)             Internally I'm using `twoside=false'.
(typearea)             If you'd like to set the option with \KOMAoptions,
(typearea)             you'd have to use `twoside=false' there
(typearea)             instead of `oneside', too.

Package typearea Warning: You've used obsolete option `BCOR5mm'.
(typearea)                Usage of this option indicates an old document
(typearea)                and changes compatibility level using
(typearea)                `BCOR=5mm,version=first,
(typearea)                enabledeprecatedfontcommands' that may result
(typearea)                in further warnings.
(typearea)                If you don't want this, you should simply
(typearea)                replace option `BCOR5mm' by `BCOR=5mm'.

Package typearea Info: Switching compatibility level to `first'.

Package typearea Warning: You've used obsolete option `DIV14'.
(typearea)                Usage of this option indicates an old document
(typearea)                and changes compatibility level using
(typearea)                `DIV=14,version=first,
(typearea)                enabledeprecatedfontcommands' that may result
(typearea)                in further warnings.
(typearea)                If you don't want this, you should simply
(typearea)                replace option `DIV14' by `DIV=14'.

Package typearea Info: Switching compatibility level to `first'.
\ta@hblk=\skip43
\ta@vblk=\skip44
\ta@temp=\skip45
\footheight=\skip46
Package typearea Info: These are the values describing the layout:
(typearea)             DIV  = 14
(typearea)             BCOR = 14.22636pt
(typearea)             \paperwidth      = 597.50793pt
(typearea)              \textwidth      = 458.29268pt
(typearea)              DIV departure   = -8%
(typearea)              \evensidemargin = 4.45082pt
(typearea)              \oddsidemargin  = 4.45082pt
(typearea)             \paperheight     = 845.04694pt
(typearea)              \textheight     = 635.5pt
(typearea)              \topmargin      = -11.9095pt
(typearea)              \headheight     = 15.95009pt
(typearea)              \headsep        = 21.75pt
(typearea)              \topskip        = 12.0pt
(typearea)              \footskip       = 50.75pt
(typearea)              \baselineskip   = 14.5pt
(typearea)              on input line 1583.
)
\c@part=\count80
\c@chapter=\count81
\c@section=\count82
\c@subsection=\count83
\c@subsubsection=\count84
\c@paragraph=\count85
\c@subparagraph=\count86
\scr@dte@part@maxnumwidth=\skip47
\scr@dte@chapter@maxnumwidth=\skip48
\scr@dte@section@maxnumwidth=\skip49
\scr@dte@subsection@maxnumwidth=\skip50
\scr@dte@subsubsection@maxnumwidth=\skip51
\scr@dte@paragraph@maxnumwidth=\skip52
\scr@dte@subparagraph@maxnumwidth=\skip53
LaTeX Info: Redefining \textsubscript on input line 4826.
\abovecaptionskip=\skip54
\belowcaptionskip=\skip55
\c@pti@nb@sid@b@x=\box27
\c@figure=\count87
\c@table=\count88
Class scrbook Info: Using old \@makefntext due to compatibility level
(scrbook)           less than 3.22 on input line 5881.
Class scrbook Info: Redefining `\numberline' on input line 5893.
\bibindent=\dimen103
) (preamble/pre-work.tex) (preamble/pre-packages.tex
("C:\Users\Jo\AppData\Local\Programs\MiKTeX 2.9\tex\latex\oberdiek\inputenx.sty
"
Package: inputenx 2016/05/16 v1.11 Enhanced input encoding handling (HO)

("C:\Users\Jo\AppData\Local\Programs\MiKTeX 2.9\tex\latex\oberdiek\ix-alias.def
"
File: ix-alias.def 2016/05/16 v1.11 Alias list (inputenx)
)
Package inputenx Info: Encoding name: latin1
(inputenx)             Encoding file: x-iso-8859-1.def
(inputenx)              on input line 171.
 ("C:\Users\Jo\AppData\Local\Programs\MiKTeX 2.9\tex\latex\base\inputenc.sty"
Package: inputenc 2015/03/17 v1.2c Input encoding file
\inpenc@prehook=\toks15
\inpenc@posthook=\toks16
)
("C:\Users\Jo\AppData\Local\Programs\MiKTeX 2.9\tex\latex\oberdiek\x-iso-8859-1
.def"
File: x-iso-8859-1.def 2016/05/16 v1.11 Input encoding iso-8859-1 (inputenx)
))
("C:\Users\Jo\AppData\Local\Programs\MiKTeX 2.9\tex\latex\tools\xspace.sty"
Package: xspace 2014/10/28 v1.13 Space after command names (DPC,MH)
)
("C:\Users\Jo\AppData\Local\Programs\MiKTeX 2.9\tex\generic\oberdiek\ifpdf.sty"
Package: ifpdf 2016/05/14 v3.1 Provides the ifpdf switch
) ("C:\Users\Jo\AppData\Local\Programs\MiKTeX 2.9\tex\latex\tools\calc.sty"
Package: calc 2014/10/28 v4.3 Infix arithmetic (KKT,FJ)
\calc@Acount=\count89
\calc@Bcount=\count90
\calc@Adimen=\dimen104
\calc@Bdimen=\dimen105
\calc@Askip=\skip56
\calc@Bskip=\skip57
LaTeX Info: Redefining \setlength on input line 80.
LaTeX Info: Redefining \addtolength on input line 81.
\calc@Ccount=\count91
\calc@Cskip=\skip58
)
("C:\Users\Jo\AppData\Local\Programs\MiKTeX 2.9\tex\generic\babel\babel.sty"
Package: babel 2016/04/23 3.9r The Babel package

*************************************
* Local config file bblopts.cfg used
*
("C:\Users\Jo\AppData\Local\Programs\MiKTeX 2.9\tex\latex\arabi\bblopts.cfg"
File: bblopts.cfg 2005/09/08 v0.1 add Arabic and Farsi to "declared" options of
 babel
)
("C:\Users\Jo\AppData\Local\Programs\MiKTeX 2.9\tex\latex\babel-german\ngerman.
ldf"
Language: ngerman 2016/11/02 v2.9 German support for babel (new orthography)

("C:\Users\Jo\AppData\Local\Programs\MiKTeX 2.9\tex\latex\babel-german\ngermanb
.ldf"
Language: ngermanb 2016/11/02 v2.9 German support for babel (new orthography)

("C:\Users\Jo\AppData\Local\Programs\MiKTeX 2.9\tex\generic\babel\babel.def"
File: babel.def 2016/04/23 3.9r Babel common definitions
\babel@savecnt=\count92
\U@D=\dimen106
)
Package babel Info: Making " an active character on input line 125.
))) ("C:\Users\Jo\AppData\Local\Programs\MiKTeX 2.9\tex\latex\xcolor\xcolor.sty
"
Package: xcolor 2016/05/11 v2.12 LaTeX color extensions (UK)

("C:\Users\Jo\AppData\Local\Programs\MiKTeX 2.9\tex\latex\graphics-cfg\color.cf
g"
File: color.cfg 2016/01/02 v1.6 sample color configuration
)
Package xcolor Info: Driver file: pdftex.def on input line 225.

("C:\Users\Jo\AppData\Local\Programs\MiKTeX 2.9\tex\latex\graphics-def\pdftex.d
ef"
File: pdftex.def 2017/01/12 v0.06k Graphics/color for pdfTeX

("C:\Users\Jo\AppData\Local\Programs\MiKTeX 2.9\tex\generic\oberdiek\infwarerr.
sty"
Package: infwarerr 2016/05/16 v1.4 Providing info/warning/error messages (HO)
)
("C:\Users\Jo\AppData\Local\Programs\MiKTeX 2.9\tex\generic\oberdiek\ltxcmds.st
y"
Package: ltxcmds 2016/05/16 v1.23 LaTeX kernel commands for general use (HO)
)
\Gread@gobject=\count93
)
("C:\Users\Jo\AppData\Local\Programs\MiKTeX 2.9\tex\latex\colortbl\colortbl.sty
"
Package: colortbl 2018/12/12 v1.0d Color table columns (DPC)
 ("C:\Users\Jo\AppData\Local\Programs\MiKTeX 2.9\tex\latex\tools\array.sty"
Package: array 2016/10/06 v2.4d Tabular extension package (FMi)
\col@sep=\dimen107
\extrarowheight=\dimen108
\NC@list=\toks17
\extratabsurround=\skip59
\backup@length=\skip60
)
\everycr=\toks18
\minrowclearance=\skip61
)
\rownum=\count94
Package xcolor Info: Model `cmy' substituted by `cmy0' on input line 1348.
Package xcolor Info: Model `hsb' substituted by `rgb' on input line 1352.
Package xcolor Info: Model `RGB' extended on input line 1364.
Package xcolor Info: Model `HTML' substituted by `rgb' on input line 1366.
Package xcolor Info: Model `Hsb' substituted by `hsb' on input line 1367.
Package xcolor Info: Model `tHsb' substituted by `hsb' on input line 1368.
Package xcolor Info: Model `HSB' substituted by `hsb' on input line 1369.
Package xcolor Info: Model `Gray' substituted by `gray' on input line 1370.
Package xcolor Info: Model `wave' substituted by `hsb' on input line 1371.
) ("C:\Users\Jo\AppData\Local\Programs\MiKTeX 2.9\tex\latex\graphics\graphicx.s
ty"
Package: graphicx 2014/10/28 v1.0g Enhanced LaTeX Graphics (DPC,SPQR)

("C:\Users\Jo\AppData\Local\Programs\MiKTeX 2.9\tex\latex\graphics\graphics.sty
"
Package: graphics 2016/10/09 v1.0u Standard LaTeX Graphics (DPC,SPQR)
 ("C:\Users\Jo\AppData\Local\Programs\MiKTeX 2.9\tex\latex\graphics\trig.sty"
Package: trig 2016/01/03 v1.10 sin cos tan (DPC)
)
("C:\Users\Jo\AppData\Local\Programs\MiKTeX 2.9\tex\latex\graphics-cfg\graphics
.cfg"
File: graphics.cfg 2016/06/04 v1.11 sample graphics configuration
)
Package graphics Info: Driver file: pdftex.def on input line 99.
)
\Gin@req@height=\dimen109
\Gin@req@width=\dimen110
)
("C:\Users\Jo\AppData\Local\Programs\MiKTeX 2.9\tex\latex\amsmath\amsmath.sty"
Package: amsmath 2016/11/05 v2.16a AMS math features
\@mathmargin=\skip62

For additional information on amsmath, use the `?' option.
("C:\Users\Jo\AppData\Local\Programs\MiKTeX 2.9\tex\latex\amsmath\amstext.sty"
Package: amstext 2000/06/29 v2.01 AMS text

("C:\Users\Jo\AppData\Local\Programs\MiKTeX 2.9\tex\latex\amsmath\amsgen.sty"
File: amsgen.sty 1999/11/30 v2.0 generic functions
\@emptytoks=\toks19
\ex@=\dimen111
)) ("C:\Users\Jo\AppData\Local\Programs\MiKTeX 2.9\tex\latex\amsmath\amsbsy.sty
"
Package: amsbsy 1999/11/29 v1.2d Bold Symbols
\pmbraise@=\dimen112
) ("C:\Users\Jo\AppData\Local\Programs\MiKTeX 2.9\tex\latex\amsmath\amsopn.sty"
Package: amsopn 2016/03/08 v2.02 operator names
)
\inf@bad=\count95
LaTeX Info: Redefining \frac on input line 213.
\uproot@=\count96
\leftroot@=\count97
LaTeX Info: Redefining \overline on input line 375.
\classnum@=\count98
\DOTSCASE@=\count99
LaTeX Info: Redefining \ldots on input line 472.
LaTeX Info: Redefining \dots on input line 475.
LaTeX Info: Redefining \cdots on input line 596.
\Mathstrutbox@=\box28
\strutbox@=\box29
\big@size=\dimen113
LaTeX Font Info:    Redeclaring font encoding OML on input line 712.
LaTeX Font Info:    Redeclaring font encoding OMS on input line 713.
\macc@depth=\count100
\c@MaxMatrixCols=\count101
\dotsspace@=\muskip10
\c@parentequation=\count102
\dspbrk@lvl=\count103
\tag@help=\toks20
\row@=\count104
\column@=\count105
\maxfields@=\count106
\andhelp@=\toks21
\eqnshift@=\dimen114
\alignsep@=\dimen115
\tagshift@=\dimen116
\tagwidth@=\dimen117
\totwidth@=\dimen118
\lineht@=\dimen119
\@envbody=\toks22
\multlinegap=\skip63
\multlinetaggap=\skip64
\mathdisplay@stack=\toks23
LaTeX Info: Redefining \[ on input line 2817.
LaTeX Info: Redefining \] on input line 2818.
) ("C:\Users\Jo\AppData\Local\Programs\MiKTeX 2.9\tex\latex\ms\ragged2e.sty"
Package: ragged2e 2009/05/21 v2.1 ragged2e Package (MS)

("C:\Users\Jo\AppData\Local\Programs\MiKTeX 2.9\tex\latex\ms\everysel.sty"
Package: everysel 2011/10/28 v1.2 EverySelectfont Package (MS)
)
\CenteringLeftskip=\skip65
\RaggedLeftLeftskip=\skip66
\RaggedRightLeftskip=\skip67
\CenteringRightskip=\skip68
\RaggedLeftRightskip=\skip69
\RaggedRightRightskip=\skip70
\CenteringParfillskip=\skip71
\RaggedLeftParfillskip=\skip72
\RaggedRightParfillskip=\skip73
\JustifyingParfillskip=\skip74
\CenteringParindent=\skip75
\RaggedLeftParindent=\skip76
\RaggedRightParindent=\skip77
\JustifyingParindent=\skip78
)
("C:\Users\Jo\AppData\Local\Programs\MiKTeX 2.9\tex\latex\base\fontenc.sty"
Package: fontenc 2017/01/24 v2.0c Standard LaTeX package

("C:\Users\Jo\AppData\Local\Programs\MiKTeX 2.9\tex\latex\base\t1enc.def"
File: t1enc.def 2017/01/24 v2.0c Standard LaTeX file
LaTeX Font Info:    Redeclaring font encoding T1 on input line 48.
))
("C:\Users\Jo\AppData\Local\Programs\MiKTeX 2.9\tex\latex\base\textcomp.sty"
Package: textcomp 2017/01/24 v2.0c Standard LaTeX package
Package textcomp Info: Sub-encoding information:
(textcomp)               5 = only ISO-Adobe without \textcurrency
(textcomp)               4 = 5 + \texteuro
(textcomp)               3 = 4 + \textohm
(textcomp)               2 = 3 + \textestimated + \textcurrency
(textcomp)               1 = TS1 - \textcircled - \t
(textcomp)               0 = TS1 (full)
(textcomp)             Font families with sub-encoding setting implement
(textcomp)             only a restricted character set as indicated.
(textcomp)             Family '?' is the default used for unknown fonts.
(textcomp)             See the documentation for details.
Package textcomp Info: Setting ? sub-encoding to TS1/1 on input line 79.

("C:\Users\Jo\AppData\Local\Programs\MiKTeX 2.9\tex\latex\base\ts1enc.def"
File: ts1enc.def 2001/06/05 v3.0e (jk/car/fm) Standard LaTeX file
)
LaTeX Info: Redefining \oldstylenums on input line 334.
Package textcomp Info: Setting cmr sub-encoding to TS1/0 on input line 349.
Package textcomp Info: Setting cmss sub-encoding to TS1/0 on input line 350.
Package textcomp Info: Setting cmtt sub-encoding to TS1/0 on input line 351.
Package textcomp Info: Setting cmvtt sub-encoding to TS1/0 on input line 352.
Package textcomp Info: Setting cmbr sub-encoding to TS1/0 on input line 353.
Package textcomp Info: Setting cmtl sub-encoding to TS1/0 on input line 354.
Package textcomp Info: Setting ccr sub-encoding to TS1/0 on input line 355.
Package textcomp Info: Setting ptm sub-encoding to TS1/4 on input line 356.
Package textcomp Info: Setting pcr sub-encoding to TS1/4 on input line 357.
Package textcomp Info: Setting phv sub-encoding to TS1/4 on input line 358.
Package textcomp Info: Setting ppl sub-encoding to TS1/3 on input line 359.
Package textcomp Info: Setting pag sub-encoding to TS1/4 on input line 360.
Package textcomp Info: Setting pbk sub-encoding to TS1/4 on input line 361.
Package textcomp Info: Setting pnc sub-encoding to TS1/4 on input line 362.
Package textcomp Info: Setting pzc sub-encoding to TS1/4 on input line 363.
Package textcomp Info: Setting bch sub-encoding to TS1/4 on input line 364.
Package textcomp Info: Setting put sub-encoding to TS1/5 on input line 365.
Package textcomp Info: Setting uag sub-encoding to TS1/5 on input line 366.
Package textcomp Info: Setting ugq sub-encoding to TS1/5 on input line 367.
Package textcomp Info: Setting ul8 sub-encoding to TS1/4 on input line 368.
Package textcomp Info: Setting ul9 sub-encoding to TS1/4 on input line 369.
Package textcomp Info: Setting augie sub-encoding to TS1/5 on input line 370.
Package textcomp Info: Setting dayrom sub-encoding to TS1/3 on input line 371.
Package textcomp Info: Setting dayroms sub-encoding to TS1/3 on input line 372.

Package textcomp Info: Setting pxr sub-encoding to TS1/0 on input line 373.
Package textcomp Info: Setting pxss sub-encoding to TS1/0 on input line 374.
Package textcomp Info: Setting pxtt sub-encoding to TS1/0 on input line 375.
Package textcomp Info: Setting txr sub-encoding to TS1/0 on input line 376.
Package textcomp Info: Setting txss sub-encoding to TS1/0 on input line 377.
Package textcomp Info: Setting txtt sub-encoding to TS1/0 on input line 378.
Package textcomp Info: Setting lmr sub-encoding to TS1/0 on input line 379.
Package textcomp Info: Setting lmdh sub-encoding to TS1/0 on input line 380.
Package textcomp Info: Setting lmss sub-encoding to TS1/0 on input line 381.
Package textcomp Info: Setting lmssq sub-encoding to TS1/0 on input line 382.
Package textcomp Info: Setting lmvtt sub-encoding to TS1/0 on input line 383.
Package textcomp Info: Setting lmtt sub-encoding to TS1/0 on input line 384.
Package textcomp Info: Setting qhv sub-encoding to TS1/0 on input line 385.
Package textcomp Info: Setting qag sub-encoding to TS1/0 on input line 386.
Package textcomp Info: Setting qbk sub-encoding to TS1/0 on input line 387.
Package textcomp Info: Setting qcr sub-encoding to TS1/0 on input line 388.
Package textcomp Info: Setting qcs sub-encoding to TS1/0 on input line 389.
Package textcomp Info: Setting qpl sub-encoding to TS1/0 on input line 390.
Package textcomp Info: Setting qtm sub-encoding to TS1/0 on input line 391.
Package textcomp Info: Setting qzc sub-encoding to TS1/0 on input line 392.
Package textcomp Info: Setting qhvc sub-encoding to TS1/0 on input line 393.
Package textcomp Info: Setting futs sub-encoding to TS1/4 on input line 394.
Package textcomp Info: Setting futx sub-encoding to TS1/4 on input line 395.
Package textcomp Info: Setting futj sub-encoding to TS1/4 on input line 396.
Package textcomp Info: Setting hlh sub-encoding to TS1/3 on input line 397.
Package textcomp Info: Setting hls sub-encoding to TS1/3 on input line 398.
Package textcomp Info: Setting hlst sub-encoding to TS1/3 on input line 399.
Package textcomp Info: Setting hlct sub-encoding to TS1/5 on input line 400.
Package textcomp Info: Setting hlx sub-encoding to TS1/5 on input line 401.
Package textcomp Info: Setting hlce sub-encoding to TS1/5 on input line 402.
Package textcomp Info: Setting hlcn sub-encoding to TS1/5 on input line 403.
Package textcomp Info: Setting hlcw sub-encoding to TS1/5 on input line 404.
Package textcomp Info: Setting hlcf sub-encoding to TS1/5 on input line 405.
Package textcomp Info: Setting pplx sub-encoding to TS1/3 on input line 406.
Package textcomp Info: Setting pplj sub-encoding to TS1/3 on input line 407.
Package textcomp Info: Setting ptmx sub-encoding to TS1/4 on input line 408.
Package textcomp Info: Setting ptmj sub-encoding to TS1/4 on input line 409.
)
("C:\Users\Jo\AppData\Local\Programs\MiKTeX 2.9\tex\latex\lm\lmodern.sty"
Package: lmodern 2009/10/30 v1.6 Latin Modern Fonts
LaTeX Font Info:    Overwriting symbol font `operators' in version `normal'
(Font)                  OT1/cmr/m/n --> OT1/lmr/m/n on input line 22.
LaTeX Font Info:    Overwriting symbol font `letters' in version `normal'
(Font)                  OML/cmm/m/it --> OML/lmm/m/it on input line 23.
LaTeX Font Info:    Overwriting symbol font `symbols' in version `normal'
(Font)                  OMS/cmsy/m/n --> OMS/lmsy/m/n on input line 24.
LaTeX Font Info:    Overwriting symbol font `largesymbols' in version `normal'
(Font)                  OMX/cmex/m/n --> OMX/lmex/m/n on input line 25.
LaTeX Font Info:    Overwriting symbol font `operators' in version `bold'
(Font)                  OT1/cmr/bx/n --> OT1/lmr/bx/n on input line 26.
LaTeX Font Info:    Overwriting symbol font `letters' in version `bold'
(Font)                  OML/cmm/b/it --> OML/lmm/b/it on input line 27.
LaTeX Font Info:    Overwriting symbol font `symbols' in version `bold'
(Font)                  OMS/cmsy/b/n --> OMS/lmsy/b/n on input line 28.
LaTeX Font Info:    Overwriting symbol font `largesymbols' in version `bold'
(Font)                  OMX/cmex/m/n --> OMX/lmex/m/n on input line 29.
LaTeX Font Info:    Overwriting math alphabet `\mathbf' in version `normal'
(Font)                  OT1/cmr/bx/n --> OT1/lmr/bx/n on input line 31.
LaTeX Font Info:    Overwriting math alphabet `\mathsf' in version `normal'
(Font)                  OT1/cmss/m/n --> OT1/lmss/m/n on input line 32.
LaTeX Font Info:    Overwriting math alphabet `\mathit' in version `normal'
(Font)                  OT1/cmr/m/it --> OT1/lmr/m/it on input line 33.
LaTeX Font Info:    Overwriting math alphabet `\mathtt' in version `normal'
(Font)                  OT1/cmtt/m/n --> OT1/lmtt/m/n on input line 34.
LaTeX Font Info:    Overwriting math alphabet `\mathbf' in version `bold'
(Font)                  OT1/cmr/bx/n --> OT1/lmr/bx/n on input line 35.
LaTeX Font Info:    Overwriting math alphabet `\mathsf' in version `bold'
(Font)                  OT1/cmss/bx/n --> OT1/lmss/bx/n on input line 36.
LaTeX Font Info:    Overwriting math alphabet `\mathit' in version `bold'
(Font)                  OT1/cmr/bx/it --> OT1/lmr/bx/it on input line 37.
LaTeX Font Info:    Overwriting math alphabet `\mathtt' in version `bold'
(Font)                  OT1/cmtt/m/n --> OT1/lmtt/m/n on input line 38.
)
("C:\Users\Jo\AppData\Local\Programs\MiKTeX 2.9\tex\latex\mathtools\mathtools.s
ty"
Package: mathtools 2018/01/08 v1.21 mathematical typesetting tools

("C:\Users\Jo\AppData\Local\Programs\MiKTeX 2.9\tex\latex\mathtools\mhsetup.sty
"
Package: mhsetup 2017/03/31 v1.3 programming setup (MH)
)
LaTeX Info: Thecontrolsequence`\('isalreadyrobust on input line 129.
LaTeX Info: Thecontrolsequence`\)'isalreadyrobust on input line 129.
LaTeX Info: Thecontrolsequence`\['isalreadyrobust on input line 129.
LaTeX Info: Thecontrolsequence`\]'isalreadyrobust on input line 129.
\g_MT_multlinerow_int=\count107
\l_MT_multwidth_dim=\dimen120
\origjot=\skip79
\l_MT_shortvdotswithinadjustabove_dim=\dimen121
\l_MT_shortvdotswithinadjustbelow_dim=\dimen122
\l_MT_above_intertext_sep=\dimen123
\l_MT_below_intertext_sep=\dimen124
\l_MT_above_shortintertext_sep=\dimen125
\l_MT_below_shortintertext_sep=\dimen126
) ("C:\Users\Jo\AppData\Local\Programs\MiKTeX 2.9\tex\latex\was\fixmath.sty"
Package: fixmath 2000/04/11 v0.9 (WaS)
LaTeX Font Info:    Redeclaring math symbol \Gamma on input line 27.
LaTeX Font Info:    Redeclaring math symbol \Delta on input line 28.
LaTeX Font Info:    Redeclaring math symbol \Theta on input line 29.
LaTeX Font Info:    Redeclaring math symbol \Lambda on input line 30.
LaTeX Font Info:    Redeclaring math symbol \Xi on input line 31.
LaTeX Font Info:    Redeclaring math symbol \Pi on input line 32.
LaTeX Font Info:    Redeclaring math symbol \Sigma on input line 33.
LaTeX Font Info:    Redeclaring math symbol \Upsilon on input line 34.
LaTeX Font Info:    Redeclaring math symbol \Phi on input line 35.
LaTeX Font Info:    Redeclaring math symbol \Psi on input line 36.
LaTeX Font Info:    Redeclaring math symbol \Omega on input line 37.
LaTeX Font Info:    Redeclaring math symbol \alpha on input line 38.
LaTeX Font Info:    Redeclaring math symbol \beta on input line 39.
LaTeX Font Info:    Redeclaring math symbol \gamma on input line 40.
LaTeX Font Info:    Redeclaring math symbol \delta on input line 41.
LaTeX Font Info:    Redeclaring math symbol \epsilon on input line 42.
LaTeX Font Info:    Redeclaring math symbol \zeta on input line 43.
LaTeX Font Info:    Redeclaring math symbol \eta on input line 44.
LaTeX Font Info:    Redeclaring math symbol \theta on input line 45.
LaTeX Font Info:    Redeclaring math symbol \iota on input line 46.
LaTeX Font Info:    Redeclaring math symbol \kappa on input line 47.
LaTeX Font Info:    Redeclaring math symbol \lambda on input line 48.
LaTeX Font Info:    Redeclaring math symbol \mu on input line 49.
LaTeX Font Info:    Redeclaring math symbol \nu on input line 50.
LaTeX Font Info:    Redeclaring math symbol \xi on input line 51.
LaTeX Font Info:    Redeclaring math symbol \pi on input line 52.
LaTeX Font Info:    Redeclaring math symbol \rho on input line 53.
LaTeX Font Info:    Redeclaring math symbol \sigma on input line 54.
LaTeX Font Info:    Redeclaring math symbol \tau on input line 55.
LaTeX Font Info:    Redeclaring math symbol \upsilon on input line 56.
LaTeX Font Info:    Redeclaring math symbol \phi on input line 57.
LaTeX Font Info:    Redeclaring math symbol \chi on input line 58.
LaTeX Font Info:    Redeclaring math symbol \psi on input line 59.
LaTeX Font Info:    Redeclaring math symbol \omega on input line 60.
LaTeX Font Info:    Redeclaring math symbol \varepsilon on input line 61.
LaTeX Font Info:    Redeclaring math symbol \vartheta on input line 62.
LaTeX Font Info:    Redeclaring math symbol \varpi on input line 63.
LaTeX Font Info:    Redeclaring math symbol \varphi on input line 64.
LaTeX Font Info:    Redeclaring math symbol \varrho on input line 65.
LaTeX Font Info:    Redeclaring math symbol \varsigma on input line 66.
)
("C:\Users\Jo\AppData\Local\Programs\MiKTeX 2.9\tex\latex\onlyamsmath\onlyamsma
th.sty"
Package: onlyamsmath 2016/12/18 v0.20 Destroy the standard math environments
)
("C:\Users\Jo\AppData\Local\Programs\MiKTeX 2.9\tex\latex\was\icomma.sty"
Package: icomma 2002/03/10 v2.0 (WaS)
)
("C:\Users\Jo\AppData\Local\Programs\MiKTeX 2.9\tex\latex\amsfonts\amssymb.sty"
Package: amssymb 2013/01/14 v3.01 AMS font symbols
("C:\Users\Jo\AppData\Local\Programs\MiKTeX 2.9\tex\latex\amsfonts\amsfonts.sty
"
Package: amsfonts 2013/01/14 v3.01 Basic AMSFonts support
\symAMSa=\mathgroup4
\symAMSb=\mathgroup5
LaTeX Font Info:    Overwriting math alphabet `\mathfrak' in version `bold'
(Font)                  U/euf/m/n --> U/euf/b/n on input line 106.
)) ("C:\Users\Jo\AppData\Local\Programs\MiKTeX 2.9\tex\latex\url\url.sty"
\Urlmuskip=\muskip11
Package: url 2013/09/16  ver 3.4  Verb mode for urls, etc.
)
("C:\Users\Jo\AppData\Local\Programs\MiKTeX 2.9\tex\latex\footmisc\footmisc.sty
"
Package: footmisc 2011/06/06 v5.5b a miscellany of footnote facilities
\FN@temptoken=\toks24
\footnotemargin=\dimen127
\c@pp@next@reset=\count108
\c@@fnserial=\count109
Package footmisc Info: Declaring symbol style bringhurst on input line 855.
Package footmisc Info: Declaring symbol style chicago on input line 863.
Package footmisc Info: Declaring symbol style wiley on input line 872.
Package footmisc Info: Declaring symbol style lamport-robust on input line 883.

Package footmisc Info: Declaring symbol style lamport* on input line 903.
Package footmisc Info: Declaring symbol style lamport*-robust on input line 924
.
) ("C:\Users\Jo\AppData\Local\Programs\MiKTeX 2.9\tex\latex\tools\varioref.sty"
Package: varioref 2016/02/16 v1.5c package for extended references (FMi)
\c@vrcnt=\count110
)
("C:\Users\Jo\AppData\Local\Programs\MiKTeX 2.9\tex\latex\enumitem\enumitem.sty
"
Package: enumitem 2019/02/04 v3.8 Customized lists
\labelindent=\skip80
\enit@outerparindent=\dimen128
\enit@toks=\toks25
\enit@inbox=\box30
\enit@count@id=\count111
\enitdp@description=\count112
)
("C:\Users\Jo\AppData\Local\Programs\MiKTeX 2.9\tex\latex\csquotes\csquotes.sty
"
Package: csquotes 2018/04/13 v5.2d context-sensitive quotations (JAW)

("C:\Users\Jo\AppData\Local\Programs\MiKTeX 2.9\tex\latex\etoolbox\etoolbox.sty
"
Package: etoolbox 2017/01/02 v2.4 e-TeX tools for LaTeX (JAW)
\etb@tempcnta=\count113
)
\csq@reset=\count114
\csq@gtype=\count115
\csq@glevel=\count116
\csq@qlevel=\count117
\csq@maxlvl=\count118
\csq@tshold=\count119
\csq@ltx@everypar=\toks26

("C:\Users\Jo\AppData\Local\Programs\MiKTeX 2.9\tex\latex\csquotes\csquotes.def
"
File: csquotes.def 2018/04/13 v5.2d csquotes generic definitions (JAW)
)
Package csquotes Info: Trying to load configuration file 'csquotes.cfg'...
Package csquotes Info: ... configuration file loaded successfully.

("C:\Users\Jo\AppData\Local\Programs\MiKTeX 2.9\tex\latex\csquotes\csquotes.cfg
"
File: csquotes.cfg 
)
Package csquotes Info: Option 'babel' depreciated.
(csquotes)             Using 'autostyle'.
Package csquotes Info: Enabling multilingual quotes.
Package csquotes Info: Redefining alias 'german' -> 'german/quotes'.
Package csquotes Info: Redefining alias 'english' -> 'english/british'.
Package csquotes Info: Redefining alias 'french' -> 'french/guillemets'.
)
("C:\Users\Jo\AppData\Local\Programs\MiKTeX 2.9\tex\latex\pdfpages\pdfpages.sty
"
Package: pdfpages 2017/10/31 v0.5l Insert pages of external PDF documents (AM)
 ("C:\Users\Jo\AppData\Local\Programs\MiKTeX 2.9\tex\latex\base\ifthen.sty"
Package: ifthen 2014/09/29 v1.1c Standard LaTeX ifthen package (DPC)
)
("C:\Users\Jo\AppData\Local\Programs\MiKTeX 2.9\tex\latex\eso-pic\eso-pic.sty"
Package: eso-pic 2018/04/12 v2.0h eso-pic (RN)

("C:\Users\Jo\AppData\Local\Programs\MiKTeX 2.9\tex\generic\oberdiek\atbegshi.s
ty"
Package: atbegshi 2016/06/09 v1.18 At begin shipout hook (HO)
))
\AM@pagewidth=\dimen129
\AM@pageheight=\dimen130

("C:\Users\Jo\AppData\Local\Programs\MiKTeX 2.9\tex\latex\pdfpages\pppdftex.def
"
File: pppdftex.def 2017/10/31 v0.5l Pdfpages driver for pdfTeX (AM)
)
\AM@pagebox=\box31
\AM@global@opts=\toks27
\AM@toc@title=\toks28
\c@AM@survey=\count120
\AM@templatesizebox=\box32
)
("C:\Users\Jo\AppData\Local\Programs\MiKTeX 2.9\tex\latex\hyperref\hyperref.sty
"
Package: hyperref 2016/06/24 v6.83q Hypertext links for LaTeX

("C:\Users\Jo\AppData\Local\Programs\MiKTeX 2.9\tex\generic\oberdiek\hobsub-hyp
erref.sty"
Package: hobsub-hyperref 2016/05/16 v1.14 Bundle oberdiek, subset hyperref (HO)


("C:\Users\Jo\AppData\Local\Programs\MiKTeX 2.9\tex\generic\oberdiek\hobsub-gen
eric.sty"
Package: hobsub-generic 2016/05/16 v1.14 Bundle oberdiek, subset generic (HO)
Package: hobsub 2016/05/16 v1.14 Construct package bundles (HO)
Package hobsub Info: Skipping package `infwarerr' (already loaded).
Package hobsub Info: Skipping package `ltxcmds' (already loaded).
Package: ifluatex 2016/05/16 v1.4 Provides the ifluatex switch (HO)
Package ifluatex Info: LuaTeX not detected.
Package: ifvtex 2016/05/16 v1.6 Detect VTeX and its facilities (HO)
Package ifvtex Info: VTeX not detected.
Package: intcalc 2016/05/16 v1.2 Expandable calculations with integers (HO)
Package hobsub Info: Skipping package `ifpdf' (already loaded).
Package: etexcmds 2016/05/16 v1.6 Avoid name clashes with e-TeX commands (HO)
Package etexcmds Info: Could not find \expanded.
(etexcmds)             That can mean that you are not using pdfTeX 1.50 or
(etexcmds)             that some package has redefined \expanded.
(etexcmds)             In the latter case, load this package earlier.
Package: kvsetkeys 2016/05/16 v1.17 Key value parser (HO)
Package: kvdefinekeys 2016/05/16 v1.4 Define keys (HO)
Package: pdftexcmds 2016/05/21 v0.22 Utility functions of pdfTeX for LuaTeX (HO
)
Package pdftexcmds Info: LuaTeX not detected.
Package pdftexcmds Info: \pdf@primitive is available.
Package pdftexcmds Info: \pdf@ifprimitive is available.
Package pdftexcmds Info: \pdfdraftmode found.
Package: pdfescape 2016/05/16 v1.14 Implements pdfTeX's escape features (HO)
Package: bigintcalc 2016/05/16 v1.4 Expandable calculations on big integers (HO
)
Package: bitset 2016/05/16 v1.2 Handle bit-vector datatype (HO)
Package: uniquecounter 2016/05/16 v1.3 Provide unlimited unique counter (HO)
)
Package hobsub Info: Skipping package `hobsub' (already loaded).
Package: letltxmacro 2016/05/16 v1.5 Let assignment for LaTeX macros (HO)
Package: hopatch 2016/05/16 v1.3 Wrapper for package hooks (HO)
Package: xcolor-patch 2016/05/16 xcolor patch
Package: atveryend 2016/05/16 v1.9 Hooks at the very end of document (HO)
Package hobsub Info: Skipping package `atbegshi' (already loaded).
Package: refcount 2016/05/16 v3.5 Data extraction from label references (HO)
Package: hycolor 2016/05/16 v1.8 Color options for hyperref/bookmark (HO)
)
("C:\Users\Jo\AppData\Local\Programs\MiKTeX 2.9\tex\generic\ifxetex\ifxetex.sty
"
Package: ifxetex 2010/09/12 v0.6 Provides ifxetex conditional
)
("C:\Users\Jo\AppData\Local\Programs\MiKTeX 2.9\tex\latex\oberdiek\auxhook.sty"
Package: auxhook 2016/05/16 v1.4 Hooks for auxiliary files (HO)
)
("C:\Users\Jo\AppData\Local\Programs\MiKTeX 2.9\tex\latex\oberdiek\kvoptions.st
y"
Package: kvoptions 2016/05/16 v3.12 Key value format for package options (HO)
)
\@linkdim=\dimen131
\Hy@linkcounter=\count121
\Hy@pagecounter=\count122

("C:\Users\Jo\AppData\Local\Programs\MiKTeX 2.9\tex\latex\hyperref\pd1enc.def"
File: pd1enc.def 2016/06/24 v6.83q Hyperref: PDFDocEncoding definition (HO)
)
\Hy@SavedSpaceFactor=\count123
("C:\Users\Jo\AppData\Local\Programs\MiKTeX 2.9\tex\latex\00miktex\hyperref.cfg
"
File: hyperref.cfg 2002/06/06 v1.2 hyperref configuration of TeXLive
)
Package hyperref Info: Option `final' set `true' on input line 4362.
Package hyperref Info: Hyper figures OFF on input line 4486.
Package hyperref Info: Link nesting OFF on input line 4491.
Package hyperref Info: Hyper index ON on input line 4494.
Package hyperref Info: Plain pages OFF on input line 4501.
Package hyperref Info: Backreferencing OFF on input line 4506.
Package hyperref Info: Implicit mode ON; LaTeX internals redefined.
Package hyperref Info: Bookmarks ON on input line 4735.
\c@Hy@tempcnt=\count124
LaTeX Info: Redefining \url on input line 5088.
\XeTeXLinkMargin=\dimen132
\Fld@menulength=\count125
\Field@Width=\dimen133
\Fld@charsize=\dimen134
Package hyperref Info: Hyper figures OFF on input line 6342.
Package hyperref Info: Link nesting OFF on input line 6347.
Package hyperref Info: Hyper index ON on input line 6350.
Package hyperref Info: backreferencing OFF on input line 6357.
Package hyperref Info: Link coloring OFF on input line 6362.
Package hyperref Info: Link coloring with OCG OFF on input line 6367.
Package hyperref Info: PDF/A mode OFF on input line 6372.
LaTeX Info: Redefining \ref on input line 6412.
LaTeX Info: Redefining \pageref on input line 6416.
\Hy@abspage=\count126
\c@Item=\count127
\c@Hfootnote=\count128
)

Package hyperref Message: Driver: hpdftex.

("C:\Users\Jo\AppData\Local\Programs\MiKTeX 2.9\tex\latex\hyperref\hpdftex.def"
File: hpdftex.def 2016/06/24 v6.83q Hyperref driver for pdfTeX
\Fld@listcount=\count129
\c@bookmark@seq@number=\count130

("C:\Users\Jo\AppData\Local\Programs\MiKTeX 2.9\tex\latex\oberdiek\rerunfileche
ck.sty"
Package: rerunfilecheck 2016/05/16 v1.8 Rerun checks for auxiliary files (HO)
Package uniquecounter Info: New unique counter `rerunfilecheck' on input line 2
82.
)
\Hy@SectionHShift=\skip81
)
Package hyperref Info: Option `colorlinks' set `true' on input line 172.
Package hyperref Info: Option `raiselinks' set `true' on input line 172.
Package hyperref Info: Option `breaklinks' set `true' on input line 172.
Package hyperref Info: Option `verbose' set `true' on input line 172.
Package hyperref Info: Option `linktocpage' set `true' on input line 172.
Package hyperref Info: Option `bookmarksopen' set `true' on input line 172.
Package hyperref Info: Option `bookmarksnumbered' set `true' on input line 172.

Package hyperref Info: Option `plainpages' set `false' on input line 172.
Package hyperref Info: Option `pageanchor' set `true' on input line 172.

("C:\Users\Jo\AppData\Local\Programs\MiKTeX 2.9\tex\latex\booktabs\booktabs.sty
"
Package: booktabs 2005/04/14 v1.61803 publication quality tables
\heavyrulewidth=\dimen135
\lightrulewidth=\dimen136
\cmidrulewidth=\dimen137
\belowrulesep=\dimen138
\belowbottomsep=\dimen139
\aboverulesep=\dimen140
\abovetopsep=\dimen141
\cmidrulesep=\dimen142
\cmidrulekern=\dimen143
\defaultaddspace=\dimen144
\@cmidla=\count131
\@cmidlb=\count132
\@aboverulesep=\dimen145
\@belowrulesep=\dimen146
\@thisruleclass=\count133
\@lastruleclass=\count134
\@thisrulewidth=\dimen147
) ("C:\Users\Jo\AppData\Local\Programs\MiKTeX 2.9\tex\latex\tools\tabularx.sty"
Package: tabularx 2016/02/03 v2.11 `tabularx' package (DPC)
\TX@col@width=\dimen148
\TX@old@table=\dimen149
\TX@old@col=\dimen150
\TX@target=\dimen151
\TX@delta=\dimen152
\TX@cols=\count135
\TX@ftn=\toks29
)
("C:\Users\Jo\AppData\Local\Programs\MiKTeX 2.9\tex\latex\multirow\multirow.sty
"
Package: multirow 2016/11/25 v2.2 Span multiple rows of a table
\multirow@colwidth=\skip82
\multirow@cntb=\count136
\multirow@dima=\skip83
\bigstrutjot=\dimen153
) ("C:\Users\Jo\AppData\Local\Programs\MiKTeX 2.9\tex\latex\float\float.sty"
Package: float 2001/11/08 v1.3d Float enhancements (AL)
\c@float@type=\count137
\float@exts=\toks30
\float@box=\box33
\@float@everytoks=\toks31
\@floatcapt=\box34
)
("C:\Users\Jo\AppData\Local\Programs\MiKTeX 2.9\tex\latex\base\flafter.sty"
Package: flafter 2016/10/04 v1.3b Standard LaTeX floats after reference (FMi)
Applying: [2015/01/01] float order in 2-column on input line 49.
Already applied: [0000/00/00] float order in 2-column on input line 151.
)
("C:\Users\Jo\AppData\Local\Programs\MiKTeX 2.9\tex\latex\subfig\subfig.sty"
Package: subfig 2005/06/28 ver: 1.3 subfig package

("C:\Users\Jo\AppData\Local\Programs\MiKTeX 2.9\tex\latex\caption\caption.sty"
Package: caption 2016/02/21 v3.3-144 Customizing captions (AR)

("C:\Users\Jo\AppData\Local\Programs\MiKTeX 2.9\tex\latex\caption\caption3.sty"
Package: caption3 2016/05/22 v1.7-166 caption3 kernel (AR)
Package caption3 Info: TeX engine: e-TeX on input line 67.
\captionmargin=\dimen154
\captionmargin@=\dimen155
\captionwidth=\dimen156
\caption@tempdima=\dimen157
\caption@indent=\dimen158
\caption@parindent=\dimen159
\caption@hangindent=\dimen160
)
Package caption Info: KOMA-Script document class.
\c@ContinuedFloat=\count138
Package caption Info: float package is loaded.
Package caption Info: hyperref package is loaded.
)
\c@KVtest=\count139
\sf@farskip=\skip84
\sf@captopadj=\dimen161
\sf@capskip=\skip85
\sf@nearskip=\skip86
\c@subfigure=\count140
\c@subfigure@save=\count141
\c@lofdepth=\count142
\c@subtable=\count143
\c@subtable@save=\count144
\c@lotdepth=\count145
\sf@top=\skip87
\sf@bottom=\skip88
)
("C:\Users\Jo\AppData\Local\Programs\MiKTeX 2.9\tex\latex\wrapfig\wrapfig.sty"
\wrapoverhang=\dimen162
\WF@size=\dimen163
\c@WF@wrappedlines=\count146
\WF@box=\box35
\WF@everypar=\toks32
Package: wrapfig 2003/01/31  v 3.6
) ("C:\Users\Jo\AppData\Local\Programs\MiKTeX 2.9\tex\latex\placeins\placeins.s
ty"
Package: placeins 2005/04/18  v 2.2
)
("C:\Users\Jo\AppData\Local\Programs\MiKTeX 2.9\tex\latex\upquote\upquote.sty"
Package: upquote 2012/04/19 v1.3 upright-quote and grave-accent glyphs in verba
tim
) ("C:\Users\Jo\AppData\Local\Programs\MiKTeX 2.9\tex\latex\listings\listings.s
ty"
\lst@mode=\count147
\lst@gtempboxa=\box36
\lst@token=\toks33
\lst@length=\count148
\lst@currlwidth=\dimen164
\lst@column=\count149
\lst@pos=\count150
\lst@lostspace=\dimen165
\lst@width=\dimen166
\lst@newlines=\count151
\lst@lineno=\count152
\lst@maxwidth=\dimen167

("C:\Users\Jo\AppData\Local\Programs\MiKTeX 2.9\tex\latex\listings\lstmisc.sty"
File: lstmisc.sty 2015/06/04 1.6 (Carsten Heinz)
\c@lstnumber=\count153
\lst@skipnumbers=\count154
\lst@framebox=\box37
)
("C:\Users\Jo\AppData\Local\Programs\MiKTeX 2.9\tex\latex\listings\listings.cfg
"
File: listings.cfg 2015/06/04 1.6 listings configuration
))
Package: listings 2015/06/04 1.6 (Carsten Heinz)

("C:\Users\Jo\AppData\Local\Programs\MiKTeX 2.9\tex\latex\listings\lstlang1.sty
"
File: lstlang1.sty 2015/06/04 1.6 listings language file
)
("C:\Users\Jo\AppData\Local\Programs\MiKTeX 2.9\tex\latex\listings\lstlang2.sty
"
File: lstlang2.sty 2015/06/04 1.6 listings language file
)
("C:\Users\Jo\AppData\Local\Programs\MiKTeX 2.9\tex\latex\listings\lstlang3.sty
"
File: lstlang3.sty 2015/06/04 1.6 listings language file
) ("C:\Users\Jo\AppData\Local\Programs\MiKTeX 2.9\tex\latex\siunits\SIunits.sty
"
Package: SIunits 2007/12/02 v1.36 Support for the International System of units
 (MH)


\@qskwidth=\skip89
LaTeX Font Info:    Redeclaring font encoding TS1 on input line 46.
\symgreek=\mathgroup6
("C:\Users\Jo\AppData\Local\Programs\MiKTeX 2.9\tex\latex\siunits\SIunits.cfg")
Option `squaren' provided!
)
("C:\Users\Jo\AppData\Local\Programs\MiKTeX 2.9\tex\latex\setspace\setspace.sty
"
Package: setspace 2011/12/19 v6.7a set line spacing
)
LaTeX Font Info:    Try loading font information for T1+lmr on input line 273.
 ("C:\Users\Jo\AppData\Local\Programs\MiKTeX 2.9\tex\latex\lm\t1lmr.fd"
File: t1lmr.fd 2009/10/30 v1.6 Font defs for Latin Modern
)
Package typearea Info: These are the values describing the layout:
(typearea)             DIV  = 14
(typearea)             BCOR = 14.22636pt
(typearea)             \paperwidth      = 597.50793pt
(typearea)              \textwidth      = 458.29268pt
(typearea)              DIV departure   = -8%
(typearea)              \evensidemargin = 4.45082pt
(typearea)              \oddsidemargin  = 4.45082pt
(typearea)             \paperheight     = 845.04694pt
(typearea)              \textheight     = 635.5pt
(typearea)              \topmargin      = -11.9095pt
(typearea)              \headheight     = 15.95009pt
(typearea)              \headsep        = 21.75pt
(typearea)              \topskip        = 12.0pt
(typearea)              \footskip       = 50.75pt
(typearea)              \baselineskip   = 14.5pt
(typearea)              on input line 273.

("C:\Users\Jo\AppData\Local\Programs\MiKTeX 2.9\tex\latex\koma-script\scrpage2.
sty"
Package: scrpage2 2017/01/03 v3.22 KOMA-Script package (page head and foot)
LaTeX Info: Redefining \pagemark on input line 174.
)
("C:\Users\Jo\AppData\Local\Programs\MiKTeX 2.9\tex\latex\koma-script\scrtime.s
ty"
Package: scrtime 2017/01/03 v3.22 KOMA-Script package (time of LaTeX run)
)
Class scrbook Info: Using old \@makefntext due to compatibility level
(scrbook)           less than 3.22 on input line 321.
Package scrkbase Info: You've told me to redefine the font selection of the
(scrkbase)             element `sectioning' that is an alias of element
(scrkbase)             `disposition' on input line 333.
Package scrkbase Info: You've told me to redefine the font selection of the
(scrkbase)             element `pagehead' that is an alias of element
(scrkbase)             `pageheadfoot' on input line 336.


Package scrkbase Warning: `pagehead' is only an alias of `pageheadfoot'.
(scrkbase)                Font of page foot may also be changed on input line 3
36.

) (preamble/pre-newcommands.tex) (preamble/pre-tablecommands.tex)
(preamble/pre-hyphenation.tex)
Package csquotes Info: Checking for multilingual support...
Package csquotes Info: ... found 'babel' package.
 (vorlage.aux (chapters/ch-aa-titel.aux)
(chapters/ch-aa-vorspiel.aux) (chapters/ch-aa-zusfasg.aux)
(chapters/ch-einleitung.aux) (chapters/ch-hauptteil.aux)
(chapters/ch-schluss.aux) (chapters/ch-zz-anhang.aux))
\openout1 = `vorlage.aux'.

LaTeX Font Info:    Checking defaults for OML/cmm/m/it on input line 31.
LaTeX Font Info:    ... okay on input line 31.
LaTeX Font Info:    Checking defaults for T1/cmr/m/n on input line 31.
LaTeX Font Info:    ... okay on input line 31.
LaTeX Font Info:    Checking defaults for OT1/cmr/m/n on input line 31.
LaTeX Font Info:    ... okay on input line 31.
LaTeX Font Info:    Checking defaults for OMS/cmsy/m/n on input line 31.
LaTeX Font Info:    ... okay on input line 31.
LaTeX Font Info:    Checking defaults for OMX/cmex/m/n on input line 31.
LaTeX Font Info:    ... okay on input line 31.
LaTeX Font Info:    Checking defaults for U/cmr/m/n on input line 31.
LaTeX Font Info:    ... okay on input line 31.
LaTeX Font Info:    Checking defaults for TS1/cmr/m/n on input line 31.
LaTeX Font Info:    Try loading font information for TS1+cmr on input line 31.

("C:\Users\Jo\AppData\Local\Programs\MiKTeX 2.9\tex\latex\base\ts1cmr.fd"
File: ts1cmr.fd 2014/09/29 v2.5h Standard LaTeX font definitions
)
LaTeX Font Info:    ... okay on input line 31.
LaTeX Font Info:    Checking defaults for PD1/pdf/m/n on input line 31.
LaTeX Font Info:    ... okay on input line 31.

("C:\Users\Jo\AppData\Local\Programs\MiKTeX 2.9\tex\context\base\supp-pdf.mkii"
[Loading MPS to PDF converter (version 2006.09.02).]
\scratchcounter=\count155
\scratchdimen=\dimen168
\scratchbox=\box38
\nofMPsegments=\count156
\nofMParguments=\count157
\everyMPshowfont=\toks34
\MPscratchCnt=\count158
\MPscratchDim=\dimen169
\MPnumerator=\count159
\makeMPintoPDFobject=\count160
\everyMPtoPDFconversion=\toks35
)
("C:\Users\Jo\AppData\Local\Programs\MiKTeX 2.9\tex\latex\oberdiek\epstopdf-bas
e.sty"
Package: epstopdf-base 2016/05/15 v2.6 Base part for package epstopdf

("C:\Users\Jo\AppData\Local\Programs\MiKTeX 2.9\tex\latex\oberdiek\grfext.sty"
Package: grfext 2016/05/16 v1.2 Manage graphics extensions (HO)
)
Package epstopdf-base Info: Redefining graphics rule for `.eps' on input line 4
38.
Package grfext Info: Graphics extension search list:
(grfext)             [.png,.pdf,.jpg,.mps,.jpeg,.jbig2,.jb2,.PNG,.PDF,.JPG,.JPE
G,.JBIG2,.JB2,.eps]
(grfext)             \AppendGraphicsExtensions on input line 456.
) ABD: EverySelectfont initializing macros
LaTeX Info: Redefining \selectfont on input line 31.
\AtBeginShipoutBox=\box39

("C:\Users\Jo\AppData\Local\Programs\MiKTeX 2.9\tex\latex\oberdiek\pdflscape.st
y"
Package: pdflscape 2016/05/14 v0.11 Display of landscape pages in PDF (HO)
 ("C:\Users\Jo\AppData\Local\Programs\MiKTeX 2.9\tex\latex\graphics\lscape.sty"
Package: lscape 2000/10/22 v3.01 Landscape Pages (DPC)
)
Package pdflscape Info: Auto-detected driver: pdftex on input line 81.
)
Package hyperref Info: Link coloring ON on input line 31.

("C:\Users\Jo\AppData\Local\Programs\MiKTeX 2.9\tex\latex\hyperref\nameref.sty"
Package: nameref 2016/05/21 v2.44 Cross-referencing by name of section

("C:\Users\Jo\AppData\Local\Programs\MiKTeX 2.9\tex\generic\oberdiek\gettitlest
ring.sty"
Package: gettitlestring 2016/05/16 v1.5 Cleanup title references (HO)
)
\c@section@level=\count161
LaTeX Info: Redefining \Ref on input line 515.
)
LaTeX Info: Redefining \ref on input line 31.
LaTeX Info: Redefining \pageref on input line 31.
LaTeX Info: Redefining \nameref on input line 31.
 (vorlage.out) (vorlage.out)
\@outlinefile=\write3
\openout3 = `vorlage.out'.

Package hyperref Info: Anchor `Doc-Start' on input line 31.
LaTeX Info: Redefining \Ref on input line 31.
Package caption Info: Begin \AtBeginDocument code.
Package caption Info: subfig package v1.3 is loaded.
Package caption Info: listings package is loaded.
Package caption Info: wrapfig package is loaded.
Package caption Info: End \AtBeginDocument code.
\c@lstlisting=\count162

Option `squaren' provided! 
 Command \squaren defined by SIunits package!

(preamble/pre-tablesettings.tex)
\openout2 = `chapters/ch-aa-titel.aux'.

 (chapters/ch-aa-titel.tex
LaTeX Font Info:    Try loading font information for T1+lmss on input line 7.

("C:\Users\Jo\AppData\Local\Programs\MiKTeX 2.9\tex\latex\lm\t1lmss.fd"
File: t1lmss.fd 2009/10/30 v1.6 Font defs for Latin Modern
)
<fig/aa-titel/HE_Logo_4c.pdf, id=39, 126.13202pt x 31.17377pt>
File: fig/aa-titel/HE_Logo_4c.pdf Graphic file (type pdf)

<use fig/aa-titel/HE_Logo_4c.pdf>
Package pdftex.def Info: fig/aa-titel/HE_Logo_4c.pdf used on input line 9.
(pdftex.def)             Requested size: 142.26378pt x 35.16219pt.

<fig/aa-titel/bwhpc.png, id=40, 48.18pt x 48.18pt>
File: fig/aa-titel/bwhpc.png Graphic file (type png)

<use fig/aa-titel/bwhpc.png>
Package pdftex.def Info: fig/aa-titel/bwhpc.png used on input line 40.
(pdftex.def)             Requested size: 85.35826pt x 85.35794pt.
Package babel Info: Redefining ngerman shorthand "|
(babel)             in language  on input line 42.
Package babel Info: Redefining ngerman shorthand "~
(babel)             in language  on input line 42.
Package babel Info: Redefining ngerman shorthand "|
(babel)             in language  on input line 42.
Package babel Info: Redefining ngerman shorthand "~
(babel)             in language  on input line 42.
Package hyperref Info: Anchor `page.i' on input line 42.
 [1





{C:/Users/Jo/AppData/Local/MiKTeX/2.9/pdftex/config/pdftex.map} <./fig/aa-titel
/HE_Logo_4c.pdf> <./fig/aa-titel/bwhpc.png>])
\openout2 = `chapters/ch-aa-vorspiel.aux'.


(chapters/ch-aa-vorspiel.tex
Package hyperref Info: Anchor `chapter*.1' on input line 2.

Underfull \hbox (badness 10000) in paragraph at lines 4--6

 []


Underfull \hbox (badness 10000) in paragraph at lines 4--6

 []

LaTeX Font Info:    Try loading font information for OT1+lmr on input line 11.
("C:\Users\Jo\AppData\Local\Programs\MiKTeX 2.9\tex\latex\lm\ot1lmr.fd"
File: ot1lmr.fd 2009/10/30 v1.6 Font defs for Latin Modern
)
LaTeX Font Info:    Try loading font information for OML+lmm on input line 11.

("C:\Users\Jo\AppData\Local\Programs\MiKTeX 2.9\tex\latex\lm\omllmm.fd"
File: omllmm.fd 2009/10/30 v1.6 Font defs for Latin Modern
)
LaTeX Font Info:    Try loading font information for OMS+lmsy on input line 11.


("C:\Users\Jo\AppData\Local\Programs\MiKTeX 2.9\tex\latex\lm\omslmsy.fd"
File: omslmsy.fd 2009/10/30 v1.6 Font defs for Latin Modern
)
LaTeX Font Info:    Try loading font information for OMX+lmex on input line 11.


("C:\Users\Jo\AppData\Local\Programs\MiKTeX 2.9\tex\latex\lm\omxlmex.fd"
File: omxlmex.fd 2009/10/30 v1.6 Font defs for Latin Modern
)
LaTeX Font Info:    External font `lmex10' loaded for size
(Font)              <10.95> on input line 11.
LaTeX Font Info:    External font `lmex10' loaded for size
(Font)              <8> on input line 11.
LaTeX Font Info:    External font `lmex10' loaded for size
(Font)              <6> on input line 11.
LaTeX Font Info:    Try loading font information for U+msa on input line 11.

("C:\Users\Jo\AppData\Local\Programs\MiKTeX 2.9\tex\latex\amsfonts\umsa.fd"
File: umsa.fd 2013/01/14 v3.01 AMS symbols A
)
LaTeX Font Info:    Try loading font information for U+msb on input line 11.

("C:\Users\Jo\AppData\Local\Programs\MiKTeX 2.9\tex\latex\amsfonts\umsb.fd"
File: umsb.fd 2013/01/14 v3.01 AMS symbols B
)
Package babel Info: Redefining ngerman shorthand "|
(babel)             in language  on input line 11.
Package babel Info: Redefining ngerman shorthand "~
(babel)             in language  on input line 11.
Package babel Info: Redefining ngerman shorthand "|
(babel)             in language  on input line 11.
Package babel Info: Redefining ngerman shorthand "~
(babel)             in language  on input line 11.
Package hyperref Info: Anchor `page.ii' on input line 11.

[2




])
\openout2 = `chapters/ch-aa-zusfasg.aux'.

 (chapters/ch-aa-zusfasg.tex
Package hyperref Info: Anchor `chapter*.2' on input line 1.
)
Package babel Info: Redefining ngerman shorthand "|
(babel)             in language  on input line 40.
Package babel Info: Redefining ngerman shorthand "~
(babel)             in language  on input line 40.
Package babel Info: Redefining ngerman shorthand "|
(babel)             in language  on input line 40.
Package babel Info: Redefining ngerman shorthand "~
(babel)             in language  on input line 40.
Package hyperref Info: Anchor `page.iii' on input line 40.
 [3




]
Package hyperref Info: Anchor `chapter*.3' on input line 42.
 (vorlage.toc
Package hyperref Info: Reference (link) `chapter.1' on input line 2.
Package hyperref Info: Reference (link) `chapter.2' on input line 3.
Package hyperref Info: Reference (link) `chapter.3' on input line 4.
Package hyperref Info: Reference (link) `chapter.4' on input line 5.
Package hyperref Info: Reference (link) `chapter.5' on input line 6.
Package hyperref Info: Reference (link) `chapter.6' on input line 7.
Package hyperref Info: Reference (link) `chapter.7' on input line 8.
Package hyperref Info: Reference (link) `appendix.A' on input line 9.
Package hyperref Info: Reference (link) `chapter*.6' on input line 10.
)
\tf@toc=\write4
\openout4 = `vorlage.toc'.

Package babel Info: Redefining ngerman shorthand "|
(babel)             in language  on input line 43.
Package babel Info: Redefining ngerman shorthand "~
(babel)             in language  on input line 43.
Package babel Info: Redefining ngerman shorthand "|
(babel)             in language  on input line 43.
Package babel Info: Redefining ngerman shorthand "~
(babel)             in language  on input line 43.
Package hyperref Info: Anchor `page.iv' on input line 43.
 [4



Package `hyperref' Info: End of reference (link) `chapter.1', line 2.
Package `hyperref' Info: End of reference (link) `chapter.2', line 3.
Package `hyperref' Info: End of reference (link) `chapter.3', line 4.
Package `hyperref' Info: End of reference (link) `chapter.4', line 5.
Package `hyperref' Info: End of reference (link) `chapter.5', line 6.
Package `hyperref' Info: End of reference (link) `chapter.6', line 7.
Package `hyperref' Info: End of reference (link) `chapter.7', line 8.
Package `hyperref' Info: End of reference (link) `appendix.A', line 9.
Package `hyperref' Info: End of reference (link) `chapter*.6', line 10.
]
Package hyperref Info: Anchor `chapter*.4' on input line 43.
 (vorlage.lof)
\tf@lof=\write5
\openout5 = `vorlage.lof'.

Package babel Info: Redefining ngerman shorthand "|
(babel)             in language  on input line 44.
Package babel Info: Redefining ngerman shorthand "~
(babel)             in language  on input line 44.
Package babel Info: Redefining ngerman shorthand "|
(babel)             in language  on input line 44.
Package babel Info: Redefining ngerman shorthand "~
(babel)             in language  on input line 44.
Package hyperref Info: Anchor `page.v' on input line 44.
 [5


]
Package hyperref Info: Anchor `chapter*.5' on input line 44.

(vorlage.lot)
\tf@lot=\write6
\openout6 = `vorlage.lot'.

Package babel Info: Redefining ngerman shorthand "|
(babel)             in language  on input line 48.
Package babel Info: Redefining ngerman shorthand "~
(babel)             in language  on input line 48.
Package babel Info: Redefining ngerman shorthand "|
(babel)             in language  on input line 48.
Package babel Info: Redefining ngerman shorthand "~
(babel)             in language  on input line 48.
Package hyperref Info: Anchor `page.vi' on input line 48.
 [6


]
\openout2 = `chapters/ch-einleitung.aux'.

 (chapters/ch-einleitung.tex
Package hyperref Info: Anchor `chapter.1' on input line 1.

chapter 1.
Package babel Info: Redefining ngerman shorthand "|
(babel)             in language  on input line 1.
Package babel Info: Redefining ngerman shorthand "~
(babel)             in language  on input line 1.
Package hyperref Info: bookmark on input line 1:
(hyperref)             thecounter {1}
(hyperref)             text {\protect \numberline {\csname thechapter\endcsname
 }\@currenttocentry }
(hyperref)             reference {chapter.1}
(hyperref)             toclevel {0}
(hyperref)             type {toc}.

Class scrbook Warning: \float@addtolists detected!
(scrbook)              Implementation of \float@addtolist became
(scrbook)              deprecated in KOMA-Script v3.01 2008/11/14 and
(scrbook)              has been replaced by several more flexible
(scrbook)              features of package `tocbasic`.
(scrbook)              Since Version 3.12 support for deprecated
(scrbook)              \float@addtolist interface has been
(scrbook)              restricted to only some of the KOMA-Script
(scrbook)              features and been removed from others.
(scrbook)              Loading of package `scrhack' may help to
(scrbook)              avoid this warning, if you are using a
(scrbook)              a package that still implements the
(scrbook)              deprecated \float@addtolist interface .

)
Package babel Info: Redefining ngerman shorthand "|
(babel)             in language  on input line 50.
Package babel Info: Redefining ngerman shorthand "~
(babel)             in language  on input line 50.
Package babel Info: Redefining ngerman shorthand "|
(babel)             in language  on input line 50.
Package babel Info: Redefining ngerman shorthand "~
(babel)             in language  on input line 50.
Package hyperref Info: Anchor `page.1' on input line 50.
 [1




]
\openout2 = `chapters/ch-hauptteil.aux'.

 (chapters/ch-hauptteil.tex
Package hyperref Info: Anchor `chapter.2' on input line 3.

chapter 2.
Package babel Info: Redefining ngerman shorthand "|
(babel)             in language  on input line 3.
Package babel Info: Redefining ngerman shorthand "~
(babel)             in language  on input line 3.
Package hyperref Info: bookmark on input line 3:
(hyperref)             thecounter {2}
(hyperref)             text {\protect \numberline {\csname thechapter\endcsname
 }\@currenttocentry }
(hyperref)             reference {chapter.2}
(hyperref)             toclevel {0}
(hyperref)             type {toc}.
Package babel Info: Redefining ngerman shorthand "|
(babel)             in language  on input line 6.
Package babel Info: Redefining ngerman shorthand "~
(babel)             in language  on input line 6.
Package babel Info: Redefining ngerman shorthand "|
(babel)             in language  on input line 6.
Package babel Info: Redefining ngerman shorthand "~
(babel)             in language  on input line 6.
Package hyperref Info: Anchor `page.2' on input line 6.
[2




]
Package hyperref Info: Anchor `chapter.3' on input line 6.

chapter 3.
Package babel Info: Redefining ngerman shorthand "|
(babel)             in language  on input line 6.
Package babel Info: Redefining ngerman shorthand "~
(babel)             in language  on input line 6.
Package hyperref Info: bookmark on input line 6:
(hyperref)             thecounter {3}
(hyperref)             text {\protect \numberline {\csname thechapter\endcsname
 }\@currenttocentry }
(hyperref)             reference {chapter.3}
(hyperref)             toclevel {0}
(hyperref)             type {toc}.
Package babel Info: Redefining ngerman shorthand "|
(babel)             in language  on input line 9.
Package babel Info: Redefining ngerman shorthand "~
(babel)             in language  on input line 9.
Package babel Info: Redefining ngerman shorthand "|
(babel)             in language  on input line 9.
Package babel Info: Redefining ngerman shorthand "~
(babel)             in language  on input line 9.
Package hyperref Info: Anchor `page.3' on input line 9.
[3


]
Package hyperref Info: Anchor `chapter.4' on input line 9.

chapter 4.
Package babel Info: Redefining ngerman shorthand "|
(babel)             in language  on input line 9.
Package babel Info: Redefining ngerman shorthand "~
(babel)             in language  on input line 9.
Package hyperref Info: bookmark on input line 9:
(hyperref)             thecounter {4}
(hyperref)             text {\protect \numberline {\csname thechapter\endcsname
 }\@currenttocentry }
(hyperref)             reference {chapter.4}
(hyperref)             toclevel {0}
(hyperref)             type {toc}.
Package babel Info: Redefining ngerman shorthand "|
(babel)             in language  on input line 12.
Package babel Info: Redefining ngerman shorthand "~
(babel)             in language  on input line 12.
Package babel Info: Redefining ngerman shorthand "|
(babel)             in language  on input line 12.
Package babel Info: Redefining ngerman shorthand "~
(babel)             in language  on input line 12.
Package hyperref Info: Anchor `page.4' on input line 12.
[4


]
Package hyperref Info: Anchor `chapter.5' on input line 12.

chapter 5.
Package babel Info: Redefining ngerman shorthand "|
(babel)             in language  on input line 12.
Package babel Info: Redefining ngerman shorthand "~
(babel)             in language  on input line 12.
Package hyperref Info: bookmark on input line 12:
(hyperref)             thecounter {5}
(hyperref)             text {\protect \numberline {\csname thechapter\endcsname
 }\@currenttocentry }
(hyperref)             reference {chapter.5}
(hyperref)             toclevel {0}
(hyperref)             type {toc}.
Package babel Info: Redefining ngerman shorthand "|
(babel)             in language  on input line 15.
Package babel Info: Redefining ngerman shorthand "~
(babel)             in language  on input line 15.
Package babel Info: Redefining ngerman shorthand "|
(babel)             in language  on input line 15.
Package babel Info: Redefining ngerman shorthand "~
(babel)             in language  on input line 15.
Package hyperref Info: Anchor `page.5' on input line 15.
[5


]
Package hyperref Info: Anchor `chapter.6' on input line 15.

chapter 6.
Package babel Info: Redefining ngerman shorthand "|
(babel)             in language  on input line 15.
Package babel Info: Redefining ngerman shorthand "~
(babel)             in language  on input line 15.
Package hyperref Info: bookmark on input line 15:
(hyperref)             thecounter {6}
(hyperref)             text {\protect \numberline {\csname thechapter\endcsname
 }\@currenttocentry }
(hyperref)             reference {chapter.6}
(hyperref)             toclevel {0}
(hyperref)             type {toc}.
)
Package babel Info: Redefining ngerman shorthand "|
(babel)             in language  on input line 51.
Package babel Info: Redefining ngerman shorthand "~
(babel)             in language  on input line 51.
Package babel Info: Redefining ngerman shorthand "|
(babel)             in language  on input line 51.
Package babel Info: Redefining ngerman shorthand "~
(babel)             in language  on input line 51.
Package hyperref Info: Anchor `page.6' on input line 51.
 [6


]
\openout2 = `chapters/ch-schluss.aux'.

 (chapters/ch-schluss.tex
Package hyperref Info: Anchor `chapter.7' on input line 1.

chapter 7.
Package babel Info: Redefining ngerman shorthand "|
(babel)             in language  on input line 1.
Package babel Info: Redefining ngerman shorthand "~
(babel)             in language  on input line 1.
Package hyperref Info: bookmark on input line 1:
(hyperref)             thecounter {7}
(hyperref)             text {\protect \numberline {\csname thechapter\endcsname
 }\@currenttocentry }
(hyperref)             reference {chapter.7}
(hyperref)             toclevel {0}
(hyperref)             type {toc}.
)
Package babel Info: Redefining ngerman shorthand "|
(babel)             in language  on input line 52.
Package babel Info: Redefining ngerman shorthand "~
(babel)             in language  on input line 52.
Package babel Info: Redefining ngerman shorthand "|
(babel)             in language  on input line 52.
Package babel Info: Redefining ngerman shorthand "~
(babel)             in language  on input line 52.
Package hyperref Info: Anchor `page.7' on input line 52.
 [7




]
\openout2 = `chapters/ch-zz-anhang.aux'.

 (chapters/ch-zz-anhang.tex
Package hyperref Info: Anchor `appendix.A' on input line 1.

chapter A.
Package babel Info: Redefining ngerman shorthand "|
(babel)             in language  on input line 1.
Package babel Info: Redefining ngerman shorthand "~
(babel)             in language  on input line 1.
Package hyperref Info: bookmark on input line 1:
(hyperref)             thecounter {A}
(hyperref)             text {\protect \numberline {\csname thechapter\endcsname
 }\@currenttocentry }
(hyperref)             reference {appendix.A}
(hyperref)             toclevel {0}
(hyperref)             type {toc}.
)
Package babel Info: Redefining ngerman shorthand "|
(babel)             in language  on input line 56.
Package babel Info: Redefining ngerman shorthand "~
(babel)             in language  on input line 56.
Package babel Info: Redefining ngerman shorthand "|
(babel)             in language  on input line 56.
Package babel Info: Redefining ngerman shorthand "~
(babel)             in language  on input line 56.
Package hyperref Info: Anchor `page.8' on input line 56.
 [8




] (chapters/ch-zz-bibEinfach.tex (vorlage.bbl
chapter without number
Package hyperref Info: Anchor `chapter*.6' on input line 1.
Package babel Info: Redefining ngerman shorthand "|
(babel)             in language  on input line 1.
Package babel Info: Redefining ngerman shorthand "~
(babel)             in language  on input line 1.
Package hyperref Info: bookmark on input line 1:
(hyperref)             thecounter {A}
(hyperref)             text {\protect \nonumberline \@currenttocentry }
(hyperref)             reference {chapter*.6}
(hyperref)             toclevel {0}
(hyperref)             type {toc}.
Package hyperref Info: Anchor `cite.Corbett.1995' on input line 3.
))

Package caption Warning: Unused \captionsetup[subfloat] on input line 375.
See the caption package documentation for explanation.

Package atveryend Info: Empty hook `BeforeClearDocument' on input line 65.
Package babel Info: Redefining ngerman shorthand "|
(babel)             in language  on input line 65.
Package babel Info: Redefining ngerman shorthand "~
(babel)             in language  on input line 65.
Package babel Info: Redefining ngerman shorthand "|
(babel)             in language  on input line 65.
Package babel Info: Redefining ngerman shorthand "~
(babel)             in language  on input line 65.
Package hyperref Info: Anchor `page.9' on input line 65.
[9



]
Package atveryend Info: Empty hook `AfterLastShipout' on input line 65.
 (vorlage.aux (chapters/ch-aa-titel.aux) (chapters/ch-aa-vorspiel.aux)
(chapters/ch-aa-zusfasg.aux) (chapters/ch-einleitung.aux)
(chapters/ch-hauptteil.aux) (chapters/ch-schluss.aux)
(chapters/ch-zz-anhang.aux))
Package atveryend Info: Executing hook `AtVeryEndDocument' on input line 65.
Package atveryend Info: Executing hook `AtEndAfterFileList' on input line 65.
Package rerunfilecheck Info: File `vorlage.out' has not changed.
(rerunfilecheck)             Checksum: CD2A0E586E9880DAD4C08AACA38C4249;469.
 ) 
Here is how much of TeX's memory you used:
 16823 strings out of 493333
 268642 string characters out of 3131446
 470949 words of memory out of 3000000
 19901 multiletter control sequences out of 15000+200000
 46247 words of font info for 45 fonts, out of 3000000 for 9000
 1142 hyphenation exceptions out of 8191
 53i,11n,66p,8820b,536s stack positions out of 5000i,500n,10000p,200000b,50000s
{C:/Users/Jo/AppData/Local/Programs/MiKTeX 2.9/fonts/enc/dvips/lm/lm-ec.enc}<
C:/Users/Jo/AppData/Local/Programs/MiKTeX 2.9/fonts/type1/public/lm/lmr12.pfb><
C:/Users/Jo/AppData/Local/Programs/MiKTeX 2.9/fonts/type1/public/lm/lmss12.pfb>
<C:/Users/Jo/AppData/Local/Programs/MiKTeX 2.9/fonts/type1/public/lm/lmss17.pfb
><C:/Users/Jo/AppData/Local/Programs/MiKTeX 2.9/fonts/type1/public/lm/lmssbx10.
pfb>
Output written on vorlage.pdf (15 pages, 137526 bytes).
PDF statistics:
 155 PDF objects out of 1000 (max. 8388607)
 31 named destinations out of 1000 (max. 500000)
 83 words of extra memory for PDF output out of 10000 (max. 10000000)

