This is pdfTeX, Version 3.1415926-1.40.8-alpha-20080323 (MiKTeX 2.7) (preloaded format=latex 2008.5.8)  2 JUL 2008 12:31
entering extended mode
**ch-aa-titel.tex
(ch-aa-titel.tex
LaTeX2e <2005/12/01>
Babel <v3.8j> and hyphenation patterns for english, dumylang, nohyphenation, ge
rman, ngerman, french, loaded.

! LaTeX Error: Environment titlepage undefined.

See the LaTeX manual or LaTeX Companion for explanation.
Type  H <return>  for immediate help.
 ...                                              
                                                  
l.6 \begin{titlepage}
                     
? 
! Emergency stop.
 ...                                              
                                                  
l.6 \begin{titlepage}
                     
Your command was ignored.
Type  I <command> <return>  to replace it with another command,
or  <return>  to continue without it.

 
Here is how much of TeX's memory you used:
 11 strings out of 95325
 294 string characters out of 1184033
 44917 words of memory out of 1500000
 3307 multiletter control sequences out of 110000
 3640 words of font info for 14 fonts, out of 1200000 for 2000
 14 hyphenation exceptions out of 8191
 7i,0n,6p,97b,16s stack positions out of 5000i,500n,10000p,200000b,5000s
No pages of output.
